\BOOKMARK [0][]{chapter.1}{Introdu\347\343o}{}% 1
\BOOKMARK [1][]{section.1.1}{Objetivos}{chapter.1}% 2
\BOOKMARK [2][]{subsection.1.1.1}{Objetivo Geral}{section.1.1}% 3
\BOOKMARK [2][]{subsection.1.1.2}{Objetivos Espec\355ficos}{section.1.1}% 4
\BOOKMARK [1][]{section.1.2}{Justificativa}{chapter.1}% 5
\BOOKMARK [0][]{chapter.2}{Fundamentos e Revis\343o de Literatura}{}% 6
\BOOKMARK [1][]{section.2.1}{Hadoop}{chapter.2}% 7
\BOOKMARK [2][]{subsection.2.1.1}{Arquitetura geral do Apache Hadoop}{section.2.1}% 8
\BOOKMARK [3][]{subsubsection.2.1.1.1}{HDFS}{subsection.2.1.1}% 9
\BOOKMARK [3][]{subsubsection.2.1.1.2}{YARN}{subsection.2.1.1}% 10
\BOOKMARK [2][]{subsection.2.1.2}{Configura\347\343o do ambiente de execu\347\343o do Hadoop}{section.2.1}% 11
\BOOKMARK [2][]{subsection.2.1.3}{MapReduce}{section.2.1}% 12
\BOOKMARK [1][]{section.2.2}{Sensibilidade ao contexto}{chapter.2}% 13
\BOOKMARK [1][]{section.2.3}{Escalonadores para Hadoop}{chapter.2}% 14
\BOOKMARK [2][]{subsection.2.3.1}{Hadoop Internal Scheduler}{section.2.3}% 15
\BOOKMARK [2][]{subsection.2.3.2}{Fair Scheduler}{section.2.3}% 16
\BOOKMARK [2][]{subsection.2.3.3}{Capacity Scheduler}{section.2.3}% 17
\BOOKMARK [1][]{section.2.4}{Trabalhos relacionados}{chapter.2}% 18
\BOOKMARK [0][]{chapter.3}{Desenvolvimento}{}% 19
\BOOKMARK [1][]{section.3.1}{Configura\347\343o do ambiente de execu\347\343o}{chapter.3}% 20
\BOOKMARK [1][]{section.3.2}{Altera\347\343o e compila\347\343o do c\363digo fonte}{chapter.3}% 21
\BOOKMARK [1][]{section.3.3}{Estudo da arquitetura do Apache Hadoop}{chapter.3}% 22
\BOOKMARK [0][]{chapter.4}{Pr\363ximas Etapas}{}% 23
\BOOKMARK [0][]{section*.3}{Ap\352ndices}{}% 24
